<?xml version="1.0" encoding="UTF-8"?>
<!-- Generated by org.testng.reporters.JUnitReportReporter -->
<testsuite hostname="DESKTOP-H8U1H3U" failures="0" tests="3" name="Testng_package.Set_Priroties" time="21.888" errors="0" timestamp="2022-08-13T16:28:18 EDT" skipped="0">
  <testcase classname="Testng_package.Set_Priroties" name="openingYahooSite" time="9.319"/>
  <system-out/>
  <testcase classname="Testng_package.Set_Priroties" name="openingAmazonSite" time="7.329"/>
  <system-out/>
  <testcase classname="Testng_package.Set_Priroties" name="openingCNNBCSite" time="5.240"/>
  <system-out/>
</testsuite> <!-- Testng_package.Set_Priroties -->
