<?xml version="1.0" encoding="UTF-8"?>
<!-- Generated by org.testng.reporters.JUnitReportReporter -->
<testsuite hostname="DESKTOP-H8U1H3U" failures="0" tests="3" name="Testng_package.NewTest" time="17.439" errors="0" timestamp="2022-08-13T16:37:19 EDT" skipped="1">
  <testcase classname="Testng_package.NewTest" name="openingYahooSite" time="8.111"/>
  <system-out/>
  <testcase classname="Testng_package.NewTest" name="openingAmazonSite" time="9.328"/>
  <system-out/>
  <testcase classname="Testng_package.NewTest" name="openingCnbcSite">
    <skipped/>
  </testcase> <!-- openingCnbcSite -->
  <system-out/>
</testsuite> <!-- Testng_package.NewTest -->
